1751479364004	geckodriver	INFO	Listening on 127.0.0.1:53562
1751479367085	mozrunner::runner	INFO	Running command: "C:\\Program Files\\Mozilla Firefox\\firefox.exe" "--marionette" "--remote-debugging-port" "53563" "--remote-allow-hosts" "localhost" "-no-remote" "-profile" "C:\\Users\\Admin\\AppData\\Local\\Temp\\rust_mozprofileDG2SAf"
console.warn: services.settings: Ignoring preference override of remote settings server
console.warn: services.settings: Allow by setting MOZ_REMOTE_SETTINGS_DEVTOOLS=1 in the environment
Dynamically enable window occlusion 0
1751479367374	Marionette	INFO	Marionette enabled
1751479367502	Marionette	INFO	Listening on port 53571
WebDriver BiDi listening on ws://127.0.0.1:53563
Read port: 53571
1751479367647	RemoteAgent	WARN	TLS certificate errors will be ignored for this session
console.error: CustomizableUI: 
  Could not localize property 'fxms-bmb-button.tooltiptext'.
JavaScript warning: https://demowebshop.tricentis.com/Scripts/jquery-1.10.2.min.js, line 19: Using //@ to indicate sourceMappingURL pragmas is deprecated. Use //# instead
console.error: "[COMPATIBILITY_APPEND_NODE_FAILURE] can't access property \"getFront\", topLevelTarget is null"
console.error: "appendNode/<@resource://devtools/client/inspector/compatibility/actions/compatibility.js:58:26\nthunk/</</<@resource://devtools/client/shared/redux/middleware/thunk.js:17:11\n_onMarkupMutation@resource://devtools/client/inspector/compatibility/CompatibilityView.js:203:30\n_emit@resource://devtools/shared/event-emitter.js:242:32\nemit@resource://devtools/shared/event-emitter.js:186:18\nemit@resource://devtools/shared/event-emitter.js:330:18\n_onWalkerMutations/<@resource://devtools/client/inspector/markup/markup.js:1625:22\n"
console.error: "[COMPATIBILITY_APPEND_NODE_FAILURE] can't access property \"getFront\", topLevelTarget is null"
console.error: "appendNode/<@resource://devtools/client/inspector/compatibility/actions/compatibility.js:58:26\nthunk/</</<@resource://devtools/client/shared/redux/middleware/thunk.js:17:11\n_onMarkupMutation@resource://devtools/client/inspector/compatibility/CompatibilityView.js:203:30\n_emit@resource://devtools/shared/event-emitter.js:242:32\nemit@resource://devtools/shared/event-emitter.js:186:18\nemit@resource://devtools/shared/event-emitter.js:330:18\n_onWalkerMutations/<@resource://devtools/client/inspector/markup/markup.js:1625:22\n"
console.error: "[COMPATIBILITY_APPEND_NODE_FAILURE] can't access property \"getFront\", topLevelTarget is null"
console.error: "appendNode/<@resource://devtools/client/inspector/compatibility/actions/compatibility.js:58:26\nthunk/</</<@resource://devtools/client/shared/redux/middleware/thunk.js:17:11\n_onMarkupMutation@resource://devtools/client/inspector/compatibility/CompatibilityView.js:203:30\n_emit@resource://devtools/shared/event-emitter.js:242:32\nemit@resource://devtools/shared/event-emitter.js:186:18\nemit@resource://devtools/shared/event-emitter.js:330:18\n_onWalkerMutations/<@resource://devtools/client/inspector/markup/markup.js:1625:22\n"
console.error: "[COMPATIBILITY_APPEND_NODE_FAILURE] can't access property \"getFront\", topLevelTarget is null"
console.error: "appendNode/<@resource://devtools/client/inspector/compatibility/actions/compatibility.js:58:26\nthunk/</</<@resource://devtools/client/shared/redux/middleware/thunk.js:17:11\n_onMarkupMutation@resource://devtools/client/inspector/compatibility/CompatibilityView.js:203:30\n_emit@resource://devtools/shared/event-emitter.js:242:32\nemit@resource://devtools/shared/event-emitter.js:186:18\nemit@resource://devtools/shared/event-emitter.js:330:18\n_onWalkerMutations/<@resource://devtools/client/inspector/markup/markup.js:1625:22\n"
console.error: "[COMPATIBILITY_APPEND_NODE_FAILURE] can't access property \"getFront\", topLevelTarget is null"
console.error: "appendNode/<@resource://devtools/client/inspector/compatibility/actions/compatibility.js:58:26\nthunk/</</<@resource://devtools/client/shared/redux/middleware/thunk.js:17:11\n_onMarkupMutation@resource://devtools/client/inspector/compatibility/CompatibilityView.js:203:30\n_emit@resource://devtools/shared/event-emitter.js:242:32\nemit@resource://devtools/shared/event-emitter.js:186:18\nemit@resource://devtools/shared/event-emitter.js:330:18\n_onWalkerMutations/<@resource://devtools/client/inspector/markup/markup.js:1625:22\n"
console.error: "[COMPATIBILITY_APPEND_NODE_FAILURE] can't access property \"getFront\", topLevelTarget is null"
console.error: "appendNode/<@resource://devtools/client/inspector/compatibility/actions/compatibility.js:58:26\nthunk/</</<@resource://devtools/client/shared/redux/middleware/thunk.js:17:11\n_onMarkupMutation@resource://devtools/client/inspector/compatibility/CompatibilityView.js:203:30\n_emit@resource://devtools/shared/event-emitter.js:242:32\nemit@resource://devtools/shared/event-emitter.js:186:18\nemit@resource://devtools/shared/event-emitter.js:330:18\n_onWalkerMutations/<@resource://devtools/client/inspector/markup/markup.js:1625:22\n"
console.error: "[COMPATIBILITY_APPEND_NODE_FAILURE] can't access property \"getFront\", topLevelTarget is null"
console.error: "appendNode/<@resource://devtools/client/inspector/compatibility/actions/compatibility.js:58:26\nthunk/</</<@resource://devtools/client/shared/redux/middleware/thunk.js:17:11\n_onMarkupMutation@resource://devtools/client/inspector/compatibility/CompatibilityView.js:203:30\n_emit@resource://devtools/shared/event-emitter.js:242:32\nemit@resource://devtools/shared/event-emitter.js:186:18\nemit@resource://devtools/shared/event-emitter.js:330:18\n_onWalkerMutations/<@resource://devtools/client/inspector/markup/markup.js:1625:22\n"
console.error: "[COMPATIBILITY_APPEND_NODE_FAILURE] can't access property \"getFront\", topLevelTarget is null"
console.error: "appendNode/<@resource://devtools/client/inspector/compatibility/actions/compatibility.js:58:26\nthunk/</</<@resource://devtools/client/shared/redux/middleware/thunk.js:17:11\n_onMarkupMutation@resource://devtools/client/inspector/compatibility/CompatibilityView.js:203:30\n_emit@resource://devtools/shared/event-emitter.js:242:32\nemit@resource://devtools/shared/event-emitter.js:186:18\nemit@resource://devtools/shared/event-emitter.js:330:18\n_onWalkerMutations/<@resource://devtools/client/inspector/markup/markup.js:1625:22\n"
console.error: "[COMPATIBILITY_APPEND_NODE_FAILURE] can't access property \"getFront\", topLevelTarget is null"
console.error: "appendNode/<@resource://devtools/client/inspector/compatibility/actions/compatibility.js:58:26\nthunk/</</<@resource://devtools/client/shared/redux/middleware/thunk.js:17:11\n_onMarkupMutation@resource://devtools/client/inspector/compatibility/CompatibilityView.js:203:30\n_emit@resource://devtools/shared/event-emitter.js:242:32\nemit@resource://devtools/shared/event-emitter.js:186:18\nemit@resource://devtools/shared/event-emitter.js:330:18\n_onWalkerMutations/<@resource://devtools/client/inspector/markup/markup.js:1625:22\n"
console.error: "[COMPATIBILITY_APPEND_NODE_FAILURE] can't access property \"getFront\", topLevelTarget is null"
console.error: "appendNode/<@resource://devtools/client/inspector/compatibility/actions/compatibility.js:58:26\nthunk/</</<@resource://devtools/client/shared/redux/middleware/thunk.js:17:11\n_onMarkupMutation@resource://devtools/client/inspector/compatibility/CompatibilityView.js:203:30\n_emit@resource://devtools/shared/event-emitter.js:242:32\nemit@resource://devtools/shared/event-emitter.js:186:18\nemit@resource://devtools/shared/event-emitter.js:330:18\n_onWalkerMutations/<@resource://devtools/client/inspector/markup/markup.js:1625:22\n"
console.error: "[COMPATIBILITY_APPEND_NODE_FAILURE] can't access property \"getFront\", topLevelTarget is null"
console.error: "appendNode/<@resource://devtools/client/inspector/compatibility/actions/compatibility.js:58:26\nthunk/</</<@resource://devtools/client/shared/redux/middleware/thunk.js:17:11\n_onMarkupMutation@resource://devtools/client/inspector/compatibility/CompatibilityView.js:203:30\n_emit@resource://devtools/shared/event-emitter.js:242:32\nemit@resource://devtools/shared/event-emitter.js:186:18\nemit@resource://devtools/shared/event-emitter.js:330:18\n_onWalkerMutations/<@resource://devtools/client/inspector/markup/markup.js:1625:22\n"
console.error: "[COMPATIBILITY_APPEND_NODE_FAILURE] can't access property \"getFront\", topLevelTarget is null"
console.error: "appendNode/<@resource://devtools/client/inspector/compatibility/actions/compatibility.js:58:26\nthunk/</</<@resource://devtools/client/shared/redux/middleware/thunk.js:17:11\n_onMarkupMutation@resource://devtools/client/inspector/compatibility/CompatibilityView.js:203:30\n_emit@resource://devtools/shared/event-emitter.js:242:32\nemit@resource://devtools/shared/event-emitter.js:186:18\nemit@resource://devtools/shared/event-emitter.js:330:18\n_onWalkerMutations/<@resource://devtools/client/inspector/markup/markup.js:1625:22\n"
console.error: "[COMPATIBILITY_APPEND_NODE_FAILURE] can't access property \"getFront\", topLevelTarget is null"
console.error: "appendNode/<@resource://devtools/client/inspector/compatibility/actions/compatibility.js:58:26\nthunk/</</<@resource://devtools/client/shared/redux/middleware/thunk.js:17:11\n_onMarkupMutation@resource://devtools/client/inspector/compatibility/CompatibilityView.js:203:30\n_emit@resource://devtools/shared/event-emitter.js:242:32\nemit@resource://devtools/shared/event-emitter.js:186:18\nemit@resource://devtools/shared/event-emitter.js:330:18\n_onWalkerMutations/<@resource://devtools/client/inspector/markup/markup.js:1625:22\n"
console.error: "[COMPATIBILITY_APPEND_NODE_FAILURE] can't access property \"getFront\", topLevelTarget is null"
console.error: "appendNode/<@resource://devtools/client/inspector/compatibility/actions/compatibility.js:58:26\nthunk/</</<@resource://devtools/client/shared/redux/middleware/thunk.js:17:11\n_onMarkupMutation@resource://devtools/client/inspector/compatibility/CompatibilityView.js:203:30\n_emit@resource://devtools/shared/event-emitter.js:242:32\nemit@resource://devtools/shared/event-emitter.js:186:18\nemit@resource://devtools/shared/event-emitter.js:330:18\n_onWalkerMutations/<@resource://devtools/client/inspector/markup/markup.js:1625:22\n"
console.error: "[COMPATIBILITY_APPEND_NODE_FAILURE] can't access property \"getFront\", topLevelTarget is null"
console.error: "appendNode/<@resource://devtools/client/inspector/compatibility/actions/compatibility.js:58:26\nthunk/</</<@resource://devtools/client/shared/redux/middleware/thunk.js:17:11\n_onMarkupMutation@resource://devtools/client/inspector/compatibility/CompatibilityView.js:203:30\n_emit@resource://devtools/shared/event-emitter.js:242:32\nemit@resource://devtools/shared/event-emitter.js:186:18\nemit@resource://devtools/shared/event-emitter.js:330:18\n_onWalkerMutations/<@resource://devtools/client/inspector/markup/markup.js:1625:22\n"
console.error: "Error while calling actor 'compatibility's method 'getNodeCssIssues'" "can't access property \"rawNode\", node is null"
console.error: (new TypeError("can't access property \"rawNode\", node is null", "resource://devtools/server/actors/page-style.js", 589))
console.error: "Error while calling actor 'compatibility's method 'getNodeCssIssues'" "can't access property \"rawNode\", node is null"
console.error: (new TypeError("can't access property \"rawNode\", node is null", "resource://devtools/server/actors/page-style.js", 589))
console.error: "Error while calling actor 'compatibility's method 'getNodeCssIssues'" "can't access property \"rawNode\", node is null"
console.error: (new TypeError("can't access property \"rawNode\", node is null", "resource://devtools/server/actors/page-style.js", 589))
console.error: "Error while calling actor 'compatibility's method 'getNodeCssIssues'" "can't access property \"rawNode\", node is null"
console.error: (new TypeError("can't access property \"rawNode\", node is null", "resource://devtools/server/actors/page-style.js", 589))
console.error: "[COMPATIBILITY_APPEND_NODE_FAILURE] Protocol error (TypeError): can't access property \"rawNode\", node is null from: server0.conn0.watcher2.process7//compatibility100 (resource://devtools/server/actors/page-style.js:589:5)"
console.error: "onPacket/<@resource://devtools/shared/protocol/Front.js:404:31\nDevTools RDP*request@resource://devtools/shared/protocol/Front.js:320:14\ngenerateRequestMethods/</frontProto[name]@resource://devtools/shared/protocol/Front/FrontClassWithSpec.js:57:19\n_getNodeIssues@resource://devtools/client/inspector/compatibility/actions/compatibility.js:248:55\n"
console.error: "[COMPATIBILITY_APPEND_NODE_FAILURE] Protocol error (TypeError): can't access property \"rawNode\", node is null from: server0.conn0.watcher2.process7//compatibility100 (resource://devtools/server/actors/page-style.js:589:5)"
console.error: "onPacket/<@resource://devtools/shared/protocol/Front.js:404:31\nDevTools RDP*request@resource://devtools/shared/protocol/Front.js:320:14\ngenerateRequestMethods/</frontProto[name]@resource://devtools/shared/protocol/Front/FrontClassWithSpec.js:57:19\n_getNodeIssues@resource://devtools/client/inspector/compatibility/actions/compatibility.js:248:55\n"
console.error: "[COMPATIBILITY_APPEND_NODE_FAILURE] can't access property \"parentFront\", this.parentFront is null"
console.error: "get inspectorFront@resource://devtools/client/fronts/node.js:488:5\n_getNodeIssues@resource://devtools/client/inspector/compatibility/actions/compatibility.js:247:25\n_inspectNode@resource://devtools/client/inspector/compatibility/actions/compatibility.js:261:24\n_inspectNode@resource://devtools/client/inspector/compatibility/actions/compatibility.js:273:11\n"
console.error: "[COMPATIBILITY_APPEND_NODE_FAILURE] can't access property \"parentFront\", this.parentFront is null"
console.error: "get inspectorFront@resource://devtools/client/fronts/node.js:488:5\n_getNodeIssues@resource://devtools/client/inspector/compatibility/actions/compatibility.js:247:25\n_inspectNode@resource://devtools/client/inspector/compatibility/actions/compatibility.js:261:24\n_inspectNode@resource://devtools/client/inspector/compatibility/actions/compatibility.js:273:11\n"
console.error: "[COMPATIBILITY_APPEND_NODE_FAILURE] Protocol error (TypeError): can't access property \"rawNode\", node is null from: server0.conn0.watcher2.process7//compatibility100 (resource://devtools/server/actors/page-style.js:589:5)"
console.error: "onPacket/<@resource://devtools/shared/protocol/Front.js:404:31\nDevTools RDP*request@resource://devtools/shared/protocol/Front.js:320:14\ngenerateRequestMethods/</frontProto[name]@resource://devtools/shared/protocol/Front/FrontClassWithSpec.js:57:19\n_getNodeIssues@resource://devtools/client/inspector/compatibility/actions/compatibility.js:248:55\n"
console.error: "[COMPATIBILITY_APPEND_NODE_FAILURE] can't access property \"parentFront\", this.parentFront is null"
console.error: "get inspectorFront@resource://devtools/client/fronts/node.js:488:5\n_getNodeIssues@resource://devtools/client/inspector/compatibility/actions/compatibility.js:247:25\n_inspectNode@resource://devtools/client/inspector/compatibility/actions/compatibility.js:261:24\n_inspectNode@resource://devtools/client/inspector/compatibility/actions/compatibility.js:273:11\n"
console.error: "[COMPATIBILITY_APPEND_NODE_FAILURE] can't access property \"parentFront\", this.parentFront is null"
console.error: "get inspectorFront@resource://devtools/client/fronts/node.js:488:5\n_getNodeIssues@resource://devtools/client/inspector/compatibility/actions/compatibility.js:247:25\n_inspectNode@resource://devtools/client/inspector/compatibility/actions/compatibility.js:261:24\n_inspectNode@resource://devtools/client/inspector/compatibility/actions/compatibility.js:273:11\n"
console.error: "[COMPATIBILITY_APPEND_NODE_FAILURE] can't access property \"parentFront\", this.parentFront is null"
console.error: "get inspectorFront@resource://devtools/client/fronts/node.js:488:5\n_getNodeIssues@resource://devtools/client/inspector/compatibility/actions/compatibility.js:247:25\n_inspectNode@resource://devtools/client/inspector/compatibility/actions/compatibility.js:261:24\n_inspectNode@resource://devtools/client/inspector/compatibility/actions/compatibility.js:273:11\n"
console.error: "[COMPATIBILITY_APPEND_NODE_FAILURE] can't access property \"parentFront\", this.parentFront is null"
console.error: "get inspectorFront@resource://devtools/client/fronts/node.js:488:5\n_getNodeIssues@resource://devtools/client/inspector/compatibility/actions/compatibility.js:247:25\n_inspectNode@resource://devtools/client/inspector/compatibility/actions/compatibility.js:261:24\n_inspectNode@resource://devtools/client/inspector/compatibility/actions/compatibility.js:273:11\n"
console.error: "[COMPATIBILITY_APPEND_NODE_FAILURE] can't access property \"parentFront\", this.parentFront is null"
console.error: "get inspectorFront@resource://devtools/client/fronts/node.js:488:5\n_getNodeIssues@resource://devtools/client/inspector/compatibility/actions/compatibility.js:247:25\n_inspectNode@resource://devtools/client/inspector/compatibility/actions/compatibility.js:261:24\n_inspectNode@resource://devtools/client/inspector/compatibility/actions/compatibility.js:273:11\n"
console.error: "[COMPATIBILITY_APPEND_NODE_FAILURE] can't access property \"parentFront\", this.parentFront is null"
console.error: "get inspectorFront@resource://devtools/client/fronts/node.js:488:5\n_getNodeIssues@resource://devtools/client/inspector/compatibility/actions/compatibility.js:247:25\n_inspectNode@resource://devtools/client/inspector/compatibility/actions/compatibility.js:261:24\n_inspectNode@resource://devtools/client/inspector/compatibility/actions/compatibility.js:273:11\n"
console.error: "[COMPATIBILITY_APPEND_NODE_FAILURE] Protocol error (TypeError): can't access property \"rawNode\", node is null from: server0.conn0.watcher2.process7//compatibility100 (resource://devtools/server/actors/page-style.js:589:5)"
console.error: "onPacket/<@resource://devtools/shared/protocol/Front.js:404:31\nDevTools RDP*request@resource://devtools/shared/protocol/Front.js:320:14\ngenerateRequestMethods/</frontProto[name]@resource://devtools/shared/protocol/Front/FrontClassWithSpec.js:57:19\n_getNodeIssues@resource://devtools/client/inspector/compatibility/actions/compatibility.js:248:55\n"
console.error: "[COMPATIBILITY_APPEND_NODE_FAILURE] can't access property \"parentFront\", this.parentFront is null"
console.error: "get inspectorFront@resource://devtools/client/fronts/node.js:488:5\n_getNodeIssues@resource://devtools/client/inspector/compatibility/actions/compatibility.js:247:25\n_inspectNode@resource://devtools/client/inspector/compatibility/actions/compatibility.js:261:24\n_inspectNode@resource://devtools/client/inspector/compatibility/actions/compatibility.js:273:11\n"
console.error: "[COMPATIBILITY_APPEND_NODE_FAILURE] can't access property \"parentFront\", this.parentFront is null"
console.error: "get inspectorFront@resource://devtools/client/fronts/node.js:488:5\n_getNodeIssues@resource://devtools/client/inspector/compatibility/actions/compatibility.js:247:25\n_inspectNode@resource://devtools/client/inspector/compatibility/actions/compatibility.js:261:24\n_inspectNode@resource://devtools/client/inspector/compatibility/actions/compatibility.js:273:11\n"
console.error: "[COMPATIBILITY_APPEND_NODE_FAILURE] can't access property \"parentFront\", this.parentFront is null"
console.error: "get inspectorFront@resource://devtools/client/fronts/node.js:488:5\n_getNodeIssues@resource://devtools/client/inspector/compatibility/actions/compatibility.js:247:25\n_inspectNode@resource://devtools/client/inspector/compatibility/actions/compatibility.js:261:24\n_inspectNode@resource://devtools/client/inspector/compatibility/actions/compatibility.js:273:11\n"
console.error: "[COMPATIBILITY_APPEND_NODE_FAILURE] can't access property \"parentFront\", this.parentFront is null"
console.error: "get inspectorFront@resource://devtools/client/fronts/node.js:488:5\n_getNodeIssues@resource://devtools/client/inspector/compatibility/actions/compatibility.js:247:25\n_inspectNode@resource://devtools/client/inspector/compatibility/actions/compatibility.js:261:24\n_inspectNode@resource://devtools/client/inspector/compatibility/actions/compatibility.js:273:11\n"
console.error: "[COMPATIBILITY_APPEND_NODE_FAILURE] can't access property \"parentFront\", this.parentFront is null"
console.error: "get inspectorFront@resource://devtools/client/fronts/node.js:488:5\n_getNodeIssues@resource://devtools/client/inspector/compatibility/actions/compatibility.js:247:25\n_inspectNode@resource://devtools/client/inspector/compatibility/actions/compatibility.js:261:24\n_inspectNode@resource://devtools/client/inspector/compatibility/actions/compatibility.js:273:11\n"
console.error: "[COMPATIBILITY_APPEND_NODE_FAILURE] can't access property \"parentFront\", this.parentFront is null"
console.error: "get inspectorFront@resource://devtools/client/fronts/node.js:488:5\n_getNodeIssues@resource://devtools/client/inspector/compatibility/actions/compatibility.js:247:25\n_inspectNode@resource://devtools/client/inspector/compatibility/actions/compatibility.js:261:24\n_inspectNode@resource://devtools/client/inspector/compatibility/actions/compatibility.js:273:11\n"
console.error: "[COMPATIBILITY_APPEND_NODE_FAILURE] can't access property \"parentFront\", this.parentFront is null"
console.error: "get inspectorFront@resource://devtools/client/fronts/node.js:488:5\n_getNodeIssues@resource://devtools/client/inspector/compatibility/actions/compatibility.js:247:25\n_inspectNode@resource://devtools/client/inspector/compatibility/actions/compatibility.js:261:24\n_inspectNode@resource://devtools/client/inspector/compatibility/actions/compatibility.js:273:11\n"
console.error: "[COMPATIBILITY_APPEND_NODE_FAILURE] can't access property \"parentFront\", this.parentFront is null"
console.error: "get inspectorFront@resource://devtools/client/fronts/node.js:488:5\n_getNodeIssues@resource://devtools/client/inspector/compatibility/actions/compatibility.js:247:25\n_inspectNode@resource://devtools/client/inspector/compatibility/actions/compatibility.js:261:24\n_inspectNode@resource://devtools/client/inspector/compatibility/actions/compatibility.js:273:11\n"
console.error: "[COMPATIBILITY_APPEND_NODE_FAILURE] can't access property \"parentFront\", this.parentFront is null"
console.error: "get inspectorFront@resource://devtools/client/fronts/node.js:488:5\n_getNodeIssues@resource://devtools/client/inspector/compatibility/actions/compatibility.js:247:25\n_inspectNode@resource://devtools/client/inspector/compatibility/actions/compatibility.js:261:24\n_inspectNode@resource://devtools/client/inspector/compatibility/actions/compatibility.js:273:11\n"
console.error: "[COMPATIBILITY_APPEND_NODE_FAILURE] can't access property \"parentFront\", this.parentFront is null"
console.error: "get inspectorFront@resource://devtools/client/fronts/node.js:488:5\n_getNodeIssues@resource://devtools/client/inspector/compatibility/actions/compatibility.js:247:25\n_inspectNode@resource://devtools/client/inspector/compatibility/actions/compatibility.js:261:24\n_inspectNode@resource://devtools/client/inspector/compatibility/actions/compatibility.js:273:11\n"
console.error: "[COMPATIBILITY_APPEND_NODE_FAILURE] can't access property \"parentFront\", this.parentFront is null"
console.error: "get inspectorFront@resource://devtools/client/fronts/node.js:488:5\n_getNodeIssues@resource://devtools/client/inspector/compatibility/actions/compatibility.js:247:25\n_inspectNode@resource://devtools/client/inspector/compatibility/actions/compatibility.js:261:24\n_inspectNode@resource://devtools/client/inspector/compatibility/actions/compatibility.js:273:11\n"
console.error: "[COMPATIBILITY_APPEND_NODE_FAILURE] can't access property \"parentFront\", this.parentFront is null"
console.error: "get inspectorFront@resource://devtools/client/fronts/node.js:488:5\n_getNodeIssues@resource://devtools/client/inspector/compatibility/actions/compatibility.js:247:25\n_inspectNode@resource://devtools/client/inspector/compatibility/actions/compatibility.js:261:24\n_inspectNode@resource://devtools/client/inspector/compatibility/actions/compatibility.js:273:11\n"
console.error: "[COMPATIBILITY_APPEND_NODE_FAILURE] can't access property \"parentFront\", this.parentFront is null"
console.error: "get inspectorFront@resource://devtools/client/fronts/node.js:488:5\n_getNodeIssues@resource://devtools/client/inspector/compatibility/actions/compatibility.js:247:25\n_inspectNode@resource://devtools/client/inspector/compatibility/actions/compatibility.js:261:24\n_inspectNode@resource://devtools/client/inspector/compatibility/actions/compatibility.js:273:11\n"
console.error: "[COMPATIBILITY_APPEND_NODE_FAILURE] can't access property \"parentFront\", this.parentFront is null"
console.error: "get inspectorFront@resource://devtools/client/fronts/node.js:488:5\n_getNodeIssues@resource://devtools/client/inspector/compatibility/actions/compatibility.js:247:25\n_inspectNode@resource://devtools/client/inspector/compatibility/actions/compatibility.js:261:24\n_inspectNode@resource://devtools/client/inspector/compatibility/actions/compatibility.js:273:11\n"
console.error: "[COMPATIBILITY_APPEND_NODE_FAILURE] can't access property \"parentFront\", this.parentFront is null"
console.error: "get inspectorFront@resource://devtools/client/fronts/node.js:488:5\n_getNodeIssues@resource://devtools/client/inspector/compatibility/actions/compatibility.js:247:25\n_inspectNode@resource://devtools/client/inspector/compatibility/actions/compatibility.js:261:24\n_inspectNode@resource://devtools/client/inspector/compatibility/actions/compatibility.js:273:11\n"
console.error: "[COMPATIBILITY_APPEND_NODE_FAILURE] can't access property \"parentFront\", this.parentFront is null"
console.error: "get inspectorFront@resource://devtools/client/fronts/node.js:488:5\n_getNodeIssues@resource://devtools/client/inspector/compatibility/actions/compatibility.js:247:25\n_inspectNode@resource://devtools/client/inspector/compatibility/actions/compatibility.js:261:24\n_inspectNode@resource://devtools/client/inspector/compatibility/actions/compatibility.js:273:11\n"
console.error: "[COMPATIBILITY_APPEND_NODE_FAILURE] can't access property \"parentFront\", this.parentFront is null"
console.error: "get inspectorFront@resource://devtools/client/fronts/node.js:488:5\n_getNodeIssues@resource://devtools/client/inspector/compatibility/actions/compatibility.js:247:25\n_inspectNode@resource://devtools/client/inspector/compatibility/actions/compatibility.js:261:24\n_inspectNode@resource://devtools/client/inspector/compatibility/actions/compatibility.js:273:11\n"
console.error: "[COMPATIBILITY_APPEND_NODE_FAILURE] can't access property \"parentFront\", this.parentFront is null"
console.error: "get inspectorFront@resource://devtools/client/fronts/node.js:488:5\n_getNodeIssues@resource://devtools/client/inspector/compatibility/actions/compatibility.js:247:25\n_inspectNode@resource://devtools/client/inspector/compatibility/actions/compatibility.js:261:24\n_inspectNode@resource://devtools/client/inspector/compatibility/actions/compatibility.js:273:11\n"
console.error: "[COMPATIBILITY_APPEND_NODE_FAILURE] can't access property \"parentFront\", this.parentFront is null"
console.error: "get inspectorFront@resource://devtools/client/fronts/node.js:488:5\n_getNodeIssues@resource://devtools/client/inspector/compatibility/actions/compatibility.js:247:25\n_inspectNode@resource://devtools/client/inspector/compatibility/actions/compatibility.js:261:24\n_inspectNode@resource://devtools/client/inspector/compatibility/actions/compatibility.js:273:11\n"
console.error: "[COMPATIBILITY_APPEND_NODE_FAILURE] can't access property \"parentFront\", this.parentFront is null"
console.error: "get inspectorFront@resource://devtools/client/fronts/node.js:488:5\n_getNodeIssues@resource://devtools/client/inspector/compatibility/actions/compatibility.js:247:25\n_inspectNode@resource://devtools/client/inspector/compatibility/actions/compatibility.js:261:24\n_inspectNode@resource://devtools/client/inspector/compatibility/actions/compatibility.js:273:11\n"
JavaScript error: , line 0: NotFoundError: No such JSProcessActor 'DevToolsProcess'
JavaScript error: , line 0: NotFoundError: No such JSProcessActor 'DevToolsProcess'
JavaScript error: , line 0: NotFoundError: No such JSProcessActor 'DevToolsProcess'
JavaScript error: resource:///modules/sessionstore/SessionStore.sys.mjs, line 2780: NotFoundError: No such JSProcessActor 'DevToolsProcess'
JavaScript error: resource:///modules/sessionstore/SessionStore.sys.mjs, line 2780: NotFoundError: No such JSProcessActor 'DevToolsProcess'
JavaScript error: resource:///modules/sessionstore/SessionStore.sys.mjs, line 2780: NotFoundError: No such JSProcessActor 'DevToolsProcess'
1751479595689	Marionette	INFO	Stopped listening on port 53571
Dynamically enable window occlusion 1
console.error: "Failed to fetch https://ads.mozilla.org/v1/delete_user:" "NetworkError when attempting to fetch resource."
console.warn: TopSitesFeed: Failed to fetch data from MARS server: NetworkError when attempting to fetch resource.
console.error: "Error in worker resource://devtools/client/shared/source-map-loader/worker.js" ": "
JavaScript error: resource://services-settings/RemoteSettingsClient.sys.mjs, line 101: Error: Unknown callback
